<?xml version="1.0" encoding="UTF-8"?>
<!-- Generated by org.testng.reporters.JUnitReportReporter -->
<testsuite hostname="DESKTOP-440KVED" failures="0" tests="1" name="testcases.CheckBox" time="0.150" errors="0" timestamp="2024-04-01T20:41:32 IST" skipped="0">
  <testcase classname="testcases.CheckBox" name="checkBox" time="0.150"/>
  <system-out/>
</testsuite> <!-- testcases.CheckBox -->
