<?xml version="1.0" encoding="UTF-8"?>
<!-- Generated by org.testng.reporters.JUnitReportReporter -->
<testsuite hostname="DESKTOP-440KVED" failures="0" tests="1" name="testcases.TC_008_CommentBox" time="0.791" errors="0" timestamp="2024-04-02T08:47:10 IST" skipped="0">
  <testcase classname="testcases.TC_008_CommentBox" name="commentBox" time="0.791"/>
  <system-out/>
</testsuite> <!-- testcases.TC_008_CommentBox -->
