<?xml version="1.0" encoding="UTF-8"?>
<!-- Generated by org.testng.reporters.JUnitReportReporter -->
<testsuite hostname="DESKTOP-440KVED" failures="0" tests="3" name="testcases.TC_007_VisitDate" time="0.839" errors="0" timestamp="2024-04-02T08:47:10 IST" skipped="0">
  <testcase classname="testcases.TC_007_VisitDate" name="nextButton" time="0.360"/>
  <system-out/>
  <testcase classname="testcases.TC_007_VisitDate" name="clickTable" time="0.319"/>
  <system-out/>
  <testcase classname="testcases.TC_007_VisitDate" name="selectDate" time="0.160"/>
  <system-out/>
</testsuite> <!-- testcases.TC_007_VisitDate -->
