<?xml version="1.0" encoding="UTF-8"?>
<!-- Generated by org.testng.reporters.JUnitReportReporter -->
<testsuite hostname="DESKTOP-440KVED" failures="0" tests="1" name="testcases.MakeAppointment" time="1.556" errors="0" timestamp="2024-04-01T20:41:32 IST" skipped="0">
  <testcase classname="testcases.MakeAppointment" name="makeAPPOINTMENT" time="1.556"/>
  <system-out/>
</testsuite> <!-- testcases.MakeAppointment -->
