<?xml version="1.0" encoding="UTF-8"?>
<!-- Generated by org.testng.reporters.JUnitReportReporter -->
<testsuite hostname="DESKTOP-440KVED" failures="0" tests="1" name="testcases.TC_004_FacilityFunction" time="1.074" errors="0" timestamp="2024-04-02T08:47:10 IST" skipped="0">
  <testcase classname="testcases.TC_004_FacilityFunction" name="clickTexBox" time="1.074"/>
  <system-out/>
</testsuite> <!-- testcases.TC_004_FacilityFunction -->
