<?xml version="1.0" encoding="UTF-8"?>
<!-- Generated by org.testng.reporters.JUnitReportReporter -->
<testsuite hostname="DESKTOP-440KVED" failures="0" tests="1" name="testcases.TC_005_CheckBox" time="0.391" errors="0" timestamp="2024-04-02T08:47:10 IST" skipped="0">
  <testcase classname="testcases.TC_005_CheckBox" name="checkBox" time="0.391"/>
  <system-out/>
</testsuite> <!-- testcases.TC_005_CheckBox -->
