<?xml version="1.0" encoding="UTF-8"?>
<!-- Generated by org.testng.reporters.JUnitReportReporter -->
<testsuite hostname="DESKTOP-440KVED" failures="0" tests="1" name="testcases.HomePageButton" time="0.741" errors="0" timestamp="2024-04-01T20:41:32 IST" skipped="0">
  <testcase classname="testcases.HomePageButton" name="homePage" time="0.741"/>
  <system-out/>
</testsuite> <!-- testcases.HomePageButton -->
