<?xml version="1.0" encoding="UTF-8"?>
<!-- Generated by org.testng.reporters.JUnitReportReporter -->
<testsuite hostname="DESKTOP-440KVED" failures="0" tests="1" name="testcases.TC_003_LoginPage" time="5.490" errors="0" timestamp="2024-04-02T08:47:10 IST" skipped="0">
  <testcase classname="testcases.TC_003_LoginPage" name="login" time="5.490"/>
  <system-out/>
</testsuite> <!-- testcases.TC_003_LoginPage -->
