<?xml version="1.0" encoding="UTF-8"?>
<!-- Generated by org.testng.reporters.JUnitReportReporter -->
<testsuite hostname="DESKTOP-440KVED" failures="0" tests="1" name="testcases.LoginPage" time="2.581" errors="0" timestamp="2024-04-01T20:41:32 IST" skipped="0">
  <testcase classname="testcases.LoginPage" name="login" time="2.581"/>
  <system-out/>
</testsuite> <!-- testcases.LoginPage -->
