<?xml version="1.0" encoding="UTF-8"?>
<!-- Generated by org.testng.reporters.JUnitReportReporter -->
<testsuite hostname="DESKTOP-440KVED" failures="0" tests="3" name="testcases.Calendar" time="0.686" errors="0" timestamp="2024-04-01T20:41:32 IST" skipped="0">
  <testcase classname="testcases.Calendar" name="clickTable" time="0.297"/>
  <system-out/>
  <testcase classname="testcases.Calendar" name="selectDate" time="0.182"/>
  <system-out/>
  <testcase classname="testcases.Calendar" name="nextButton" time="0.207"/>
  <system-out/>
</testsuite> <!-- testcases.Calendar -->
