<?xml version="1.0" encoding="UTF-8"?>
<!-- Generated by org.testng.reporters.JUnitReportReporter -->
<testsuite hostname="DESKTOP-440KVED" failures="0" tests="1" name="testcases.CommentFunction" time="0.968" errors="0" timestamp="2024-04-01T20:41:32 IST" skipped="0">
  <testcase classname="testcases.CommentFunction" name="commentBox" time="0.968"/>
  <system-out/>
</testsuite> <!-- testcases.CommentFunction -->
