<?xml version="1.0" encoding="UTF-8"?>
<!-- Generated by org.testng.reporters.JUnitReportReporter -->
<testsuite hostname="DESKTOP-440KVED" failures="0" tests="1" name="testcases.TC_002_MakeAppointment" time="3.005" errors="0" timestamp="2024-04-02T08:47:10 IST" skipped="0">
  <testcase classname="testcases.TC_002_MakeAppointment" name="makeAppointment" time="3.005"/>
  <system-out/>
</testsuite> <!-- testcases.TC_002_MakeAppointment -->
