<?xml version="1.0" encoding="UTF-8"?>
<!-- Generated by org.testng.reporters.JUnitReportReporter -->
<testsuite hostname="DESKTOP-440KVED" failures="0" tests="1" name="testcases.TC_010_HomePageButton" time="0.816" errors="0" timestamp="2024-04-02T08:47:10 IST" skipped="0">
  <testcase classname="testcases.TC_010_HomePageButton" name="homePage" time="0.816"/>
  <system-out/>
</testsuite> <!-- testcases.TC_010_HomePageButton -->
