<?xml version="1.0" encoding="UTF-8"?>
<!-- Generated by org.testng.reporters.JUnitReportReporter -->
<testsuite hostname="DESKTOP-440KVED" failures="0" tests="1" name="testcases.TC_011_DataBase" time="6.767" errors="0" timestamp="2024-04-02T08:47:10 IST" skipped="0">
  <testcase classname="testcases.TC_011_DataBase" name="verifyDataBase" time="6.767"/>
  <system-out/>
</testsuite> <!-- testcases.TC_011_DataBase -->
