<?xml version="1.0" encoding="UTF-8"?>
<!-- Generated by org.testng.reporters.JUnitReportReporter -->
<testsuite hostname="DESKTOP-440KVED" failures="0" tests="1" name="testcases.TC_006_RadioButton" time="0.199" errors="0" timestamp="2024-04-02T08:47:10 IST" skipped="0">
  <testcase classname="testcases.TC_006_RadioButton" name="radioButton" time="0.199"/>
  <system-out/>
</testsuite> <!-- testcases.TC_006_RadioButton -->
