<?xml version="1.0" encoding="UTF-8"?>
<!-- Generated by org.testng.reporters.JUnitReportReporter -->
<testsuite hostname="DESKTOP-440KVED" failures="0" tests="1" name="testcases.FacilityFunction" time="0.720" errors="0" timestamp="2024-04-01T20:41:32 IST" skipped="0">
  <testcase classname="testcases.FacilityFunction" name="clickTexBox" time="0.720"/>
  <system-out/>
</testsuite> <!-- testcases.FacilityFunction -->
