<?xml version="1.0" encoding="UTF-8"?>
<!-- Generated by org.testng.reporters.JUnitReportReporter -->
<testsuite hostname="DESKTOP-440KVED" failures="0" tests="1" name="testcases.TC_009_BookAppointmentButton" time="0.806" errors="0" timestamp="2024-04-02T08:47:10 IST" skipped="0">
  <testcase classname="testcases.TC_009_BookAppointmentButton" name="bookAppointment" time="0.806"/>
  <system-out/>
</testsuite> <!-- testcases.TC_009_BookAppointmentButton -->
